<?xml version="1.0" encoding="UTF-8"?>
<testng-results ignored="1" total="2" passed="1" failed="0" skipped="0">
  <reporter-output>
  </reporter-output>
  <suite started-at="2022-05-20T01:32:45Z" name="Default suite" finished-at="2022-05-20T01:32:52Z" duration-ms="6912">
    <groups>
    </groups>
    <test started-at="2022-05-20T01:32:45Z" name="Default test" finished-at="2022-05-20T01:32:52Z" duration-ms="6912">
      <class name="TestingWCAG">
        <test-method signature="testTwo()[pri:0, instance:TestingWCAG@babafc2]" started-at="2022-05-20T11:32:46Z" name="testTwo" finished-at="2022-05-20T11:32:52Z" duration-ms="6890" status="PASS">
          <reporter-output>
          </reporter-output>
        </test-method> <!-- testTwo -->
      </class> <!-- TestingWCAG -->
    </test> <!-- Default test -->
  </suite> <!-- Default suite -->
</testng-results>
